<?xml version="1.0" encoding="UTF-8"?>
<testsuite xmlns:xsi="http://www.w3.org/2001/XMLSchema-instance" xsi:noNamespaceSchemaLocation="https://maven.apache.org/surefire/maven-surefire-plugin/xsd/surefire-test-report-3.0.xsd" version="3.0" name="logic.AccountLogicTest" time="0.008" tests="0" errors="0" skipped="0" failures="0">
  <properties>
    <property name="gopherProxySet" value="false"/>
    <property name="awt.toolkit" value="sun.lwawt.macosx.LWCToolkit"/>
    <property name="java.specification.version" value="11"/>
    <property name="sun.cpu.isalist" value=""/>
    <property name="sun.jnu.encoding" value="UTF-8"/>
    <property name="java.class.path" value="/Users/samderlust/LearningSpace/Tutoring/2020/fall/mohee/assign2/Assignment 2 - Reddit Analytic attached files Nov 27, 2020 916 AM/RedditAnalytic-Skeleton/target/test-classes:/Users/samderlust/LearningSpace/Tutoring/2020/fall/mohee/assign2/Assignment 2 - Reddit Analytic attached files Nov 27, 2020 916 AM/RedditAnalytic-Skeleton/target/classes:/Users/samderlust/.m2/repository/org/junit/jupiter/junit-jupiter/5.6.2/junit-jupiter-5.6.2.jar:/Users/samderlust/.m2/repository/org/junit/jupiter/junit-jupiter-api/5.6.2/junit-jupiter-api-5.6.2.jar:/Users/samderlust/.m2/repository/org/apiguardian/apiguardian-api/1.1.0/apiguardian-api-1.1.0.jar:/Users/samderlust/.m2/repository/org/opentest4j/opentest4j/1.2.0/opentest4j-1.2.0.jar:/Users/samderlust/.m2/repository/org/junit/platform/junit-platform-commons/1.6.2/junit-platform-commons-1.6.2.jar:/Users/samderlust/.m2/repository/org/junit/jupiter/junit-jupiter-params/5.6.2/junit-jupiter-params-5.6.2.jar:/Users/samderlust/.m2/repository/org/junit/jupiter/junit-jupiter-engine/5.6.2/junit-jupiter-engine-5.6.2.jar:/Users/samderlust/.m2/repository/org/junit/platform/junit-platform-engine/1.6.2/junit-platform-engine-1.6.2.jar:/Users/samderlust/.m2/repository/jakarta/platform/jakarta.jakartaee-api/8.0.0/jakarta.jakartaee-api-8.0.0.jar:/Users/samderlust/.m2/repository/jakarta/platform/jakarta.jakartaee-web-api/8.0.0/jakarta.jakartaee-web-api-8.0.0.jar:/Users/samderlust/.m2/repository/jakarta/persistence/jakarta.persistence-api/3.0.0/jakarta.persistence-api-3.0.0.jar:/Users/samderlust/.m2/repository/jakarta/validation/jakarta.validation-api/3.0.0/jakarta.validation-api-3.0.0.jar:/Users/samderlust/.m2/repository/javax/servlet/jstl/1.2/jstl-1.2.jar:/Users/samderlust/.m2/repository/javax/servlet/jsp/javax.servlet.jsp-api/2.3.3/javax.servlet.jsp-api-2.3.3.jar:/Users/samderlust/.m2/repository/org/apache/tomcat/embed/tomcat-embed-core/9.0.39/tomcat-embed-core-9.0.39.jar:/Users/samderlust/.m2/repository/org/apache/tomcat/tomcat-annotations-api/9.0.39/tomcat-annotations-api-9.0.39.jar:/Users/samderlust/.m2/repository/org/apache/tomcat/embed/tomcat-embed-jasper/9.0.39/tomcat-embed-jasper-9.0.39.jar:/Users/samderlust/.m2/repository/org/eclipse/jdt/ecj/3.18.0/ecj-3.18.0.jar:/Users/samderlust/.m2/repository/org/apache/tomcat/embed/tomcat-embed-el/9.0.39/tomcat-embed-el-9.0.39.jar:/Users/samderlust/.m2/repository/org/apache/tomcat/tomcat-jdbc/9.0.39/tomcat-jdbc-9.0.39.jar:/Users/samderlust/.m2/repository/org/apache/tomcat/tomcat-juli/9.0.39/tomcat-juli-9.0.39.jar:/Users/samderlust/.m2/repository/org/hibernate/hibernate-core/5.4.23.Final/hibernate-core-5.4.23.Final.jar:/Users/samderlust/.m2/repository/org/jboss/logging/jboss-logging/3.4.1.Final/jboss-logging-3.4.1.Final.jar:/Users/samderlust/.m2/repository/javax/persistence/javax.persistence-api/2.2/javax.persistence-api-2.2.jar:/Users/samderlust/.m2/repository/org/javassist/javassist/3.24.0-GA/javassist-3.24.0-GA.jar:/Users/samderlust/.m2/repository/net/bytebuddy/byte-buddy/1.10.17/byte-buddy-1.10.17.jar:/Users/samderlust/.m2/repository/antlr/antlr/2.7.7/antlr-2.7.7.jar:/Users/samderlust/.m2/repository/org/jboss/spec/javax/transaction/jboss-transaction-api_1.2_spec/1.1.1.Final/jboss-transaction-api_1.2_spec-1.1.1.Final.jar:/Users/samderlust/.m2/repository/org/jboss/jandex/2.1.3.Final/jandex-2.1.3.Final.jar:/Users/samderlust/.m2/repository/com/fasterxml/classmate/1.5.1/classmate-1.5.1.jar:/Users/samderlust/.m2/repository/javax/activation/javax.activation-api/1.2.0/javax.activation-api-1.2.0.jar:/Users/samderlust/.m2/repository/org/dom4j/dom4j/2.1.3/dom4j-2.1.3.jar:/Users/samderlust/.m2/repository/org/hibernate/common/hibernate-commons-annotations/5.1.2.Final/hibernate-commons-annotations-5.1.2.Final.jar:/Users/samderlust/.m2/repository/javax/xml/bind/jaxb-api/2.3.1/jaxb-api-2.3.1.jar:/Users/samderlust/.m2/repository/org/glassfish/jaxb/jaxb-runtime/2.3.1/jaxb-runtime-2.3.1.jar:/Users/samderlust/.m2/repository/org/glassfish/jaxb/txw2/2.3.1/txw2-2.3.1.jar:/Users/samderlust/.m2/repository/com/sun/istack/istack-commons-runtime/3.0.7/istack-commons-runtime-3.0.7.jar:/Users/samderlust/.m2/repository/org/jvnet/staxex/stax-ex/1.8/stax-ex-1.8.jar:/Users/samderlust/.m2/repository/com/sun/xml/fastinfoset/FastInfoset/1.2.15/FastInfoset-1.2.15.jar:/Users/samderlust/.m2/repository/org/hibernate/hibernate-entitymanager/5.4.23.Final/hibernate-entitymanager-5.4.23.Final.jar:/Users/samderlust/.m2/repository/mysql/mysql-connector-java/8.0.22/mysql-connector-java-8.0.22.jar:/Users/samderlust/.m2/repository/com/google/protobuf/protobuf-java/3.11.4/protobuf-java-3.11.4.jar:/Users/samderlust/.m2/repository/net/dean/jraw/JRAW/1.1.0/JRAW-1.1.0.jar:/Users/samderlust/.m2/repository/com/squareup/moshi/moshi/1.6.0/moshi-1.6.0.jar:/Users/samderlust/.m2/repository/com/squareup/okio/okio/1.14.0/okio-1.14.0.jar:/Users/samderlust/.m2/repository/org/jetbrains/kotlin/kotlin-stdlib/1.2.41/kotlin-stdlib-1.2.41.jar:/Users/samderlust/.m2/repository/org/jetbrains/annotations/13.0/annotations-13.0.jar:/Users/samderlust/.m2/repository/com/squareup/okhttp3/okhttp/3.10.0/okhttp-3.10.0.jar:"/>
    <property name="java.vm.vendor" value="AdoptOpenJDK"/>
    <property name="sun.arch.data.model" value="64"/>
    <property name="catalina.useNaming" value="true"/>
    <property name="java.vendor.url" value="https://adoptopenjdk.net/"/>
    <property name="user.timezone" value="America/Toronto"/>
    <property name="java.vm.specification.version" value="11"/>
    <property name="os.name" value="Mac OS X"/>
    <property name="user.country" value="CA"/>
    <property name="sun.java.launcher" value="SUN_STANDARD"/>
    <property name="sun.boot.library.path" value="/Library/Java/JavaVirtualMachines/adoptopenjdk-11.jdk/Contents/Home/lib"/>
    <property name="sun.java.command" value="/Users/samderlust/LearningSpace/Tutoring/2020/fall/mohee/assign2/Assignment 2 - Reddit Analytic attached files Nov 27, 2020 916 AM/RedditAnalytic-Skeleton/target/surefire/surefirebooter10828378511573739801.jar /Users/samderlust/LearningSpace/Tutoring/2020/fall/mohee/assign2/Assignment 2 - Reddit Analytic attached files Nov 27, 2020 916 AM/RedditAnalytic-Skeleton/target/surefire 2020-12-02T18-46-48_881-jvmRun1 surefire3753427070292863605tmp surefire_012738764563372012599tmp"/>
    <property name="http.nonProxyHosts" value="local|*.local|169.254/16|*.169.254/16"/>
    <property name="jdk.debug" value="release"/>
    <property name="surefire.test.class.path" value="/Users/samderlust/LearningSpace/Tutoring/2020/fall/mohee/assign2/Assignment 2 - Reddit Analytic attached files Nov 27, 2020 916 AM/RedditAnalytic-Skeleton/target/test-classes:/Users/samderlust/LearningSpace/Tutoring/2020/fall/mohee/assign2/Assignment 2 - Reddit Analytic attached files Nov 27, 2020 916 AM/RedditAnalytic-Skeleton/target/classes:/Users/samderlust/.m2/repository/org/junit/jupiter/junit-jupiter/5.6.2/junit-jupiter-5.6.2.jar:/Users/samderlust/.m2/repository/org/junit/jupiter/junit-jupiter-api/5.6.2/junit-jupiter-api-5.6.2.jar:/Users/samderlust/.m2/repository/org/apiguardian/apiguardian-api/1.1.0/apiguardian-api-1.1.0.jar:/Users/samderlust/.m2/repository/org/opentest4j/opentest4j/1.2.0/opentest4j-1.2.0.jar:/Users/samderlust/.m2/repository/org/junit/platform/junit-platform-commons/1.6.2/junit-platform-commons-1.6.2.jar:/Users/samderlust/.m2/repository/org/junit/jupiter/junit-jupiter-params/5.6.2/junit-jupiter-params-5.6.2.jar:/Users/samderlust/.m2/repository/org/junit/jupiter/junit-jupiter-engine/5.6.2/junit-jupiter-engine-5.6.2.jar:/Users/samderlust/.m2/repository/org/junit/platform/junit-platform-engine/1.6.2/junit-platform-engine-1.6.2.jar:/Users/samderlust/.m2/repository/jakarta/platform/jakarta.jakartaee-api/8.0.0/jakarta.jakartaee-api-8.0.0.jar:/Users/samderlust/.m2/repository/jakarta/platform/jakarta.jakartaee-web-api/8.0.0/jakarta.jakartaee-web-api-8.0.0.jar:/Users/samderlust/.m2/repository/jakarta/persistence/jakarta.persistence-api/3.0.0/jakarta.persistence-api-3.0.0.jar:/Users/samderlust/.m2/repository/jakarta/validation/jakarta.validation-api/3.0.0/jakarta.validation-api-3.0.0.jar:/Users/samderlust/.m2/repository/javax/servlet/jstl/1.2/jstl-1.2.jar:/Users/samderlust/.m2/repository/javax/servlet/jsp/javax.servlet.jsp-api/2.3.3/javax.servlet.jsp-api-2.3.3.jar:/Users/samderlust/.m2/repository/org/apache/tomcat/embed/tomcat-embed-core/9.0.39/tomcat-embed-core-9.0.39.jar:/Users/samderlust/.m2/repository/org/apache/tomcat/tomcat-annotations-api/9.0.39/tomcat-annotations-api-9.0.39.jar:/Users/samderlust/.m2/repository/org/apache/tomcat/embed/tomcat-embed-jasper/9.0.39/tomcat-embed-jasper-9.0.39.jar:/Users/samderlust/.m2/repository/org/eclipse/jdt/ecj/3.18.0/ecj-3.18.0.jar:/Users/samderlust/.m2/repository/org/apache/tomcat/embed/tomcat-embed-el/9.0.39/tomcat-embed-el-9.0.39.jar:/Users/samderlust/.m2/repository/org/apache/tomcat/tomcat-jdbc/9.0.39/tomcat-jdbc-9.0.39.jar:/Users/samderlust/.m2/repository/org/apache/tomcat/tomcat-juli/9.0.39/tomcat-juli-9.0.39.jar:/Users/samderlust/.m2/repository/org/hibernate/hibernate-core/5.4.23.Final/hibernate-core-5.4.23.Final.jar:/Users/samderlust/.m2/repository/org/jboss/logging/jboss-logging/3.4.1.Final/jboss-logging-3.4.1.Final.jar:/Users/samderlust/.m2/repository/javax/persistence/javax.persistence-api/2.2/javax.persistence-api-2.2.jar:/Users/samderlust/.m2/repository/org/javassist/javassist/3.24.0-GA/javassist-3.24.0-GA.jar:/Users/samderlust/.m2/repository/net/bytebuddy/byte-buddy/1.10.17/byte-buddy-1.10.17.jar:/Users/samderlust/.m2/repository/antlr/antlr/2.7.7/antlr-2.7.7.jar:/Users/samderlust/.m2/repository/org/jboss/spec/javax/transaction/jboss-transaction-api_1.2_spec/1.1.1.Final/jboss-transaction-api_1.2_spec-1.1.1.Final.jar:/Users/samderlust/.m2/repository/org/jboss/jandex/2.1.3.Final/jandex-2.1.3.Final.jar:/Users/samderlust/.m2/repository/com/fasterxml/classmate/1.5.1/classmate-1.5.1.jar:/Users/samderlust/.m2/repository/javax/activation/javax.activation-api/1.2.0/javax.activation-api-1.2.0.jar:/Users/samderlust/.m2/repository/org/dom4j/dom4j/2.1.3/dom4j-2.1.3.jar:/Users/samderlust/.m2/repository/org/hibernate/common/hibernate-commons-annotations/5.1.2.Final/hibernate-commons-annotations-5.1.2.Final.jar:/Users/samderlust/.m2/repository/javax/xml/bind/jaxb-api/2.3.1/jaxb-api-2.3.1.jar:/Users/samderlust/.m2/repository/org/glassfish/jaxb/jaxb-runtime/2.3.1/jaxb-runtime-2.3.1.jar:/Users/samderlust/.m2/repository/org/glassfish/jaxb/txw2/2.3.1/txw2-2.3.1.jar:/Users/samderlust/.m2/repository/com/sun/istack/istack-commons-runtime/3.0.7/istack-commons-runtime-3.0.7.jar:/Users/samderlust/.m2/repository/org/jvnet/staxex/stax-ex/1.8/stax-ex-1.8.jar:/Users/samderlust/.m2/repository/com/sun/xml/fastinfoset/FastInfoset/1.2.15/FastInfoset-1.2.15.jar:/Users/samderlust/.m2/repository/org/hibernate/hibernate-entitymanager/5.4.23.Final/hibernate-entitymanager-5.4.23.Final.jar:/Users/samderlust/.m2/repository/mysql/mysql-connector-java/8.0.22/mysql-connector-java-8.0.22.jar:/Users/samderlust/.m2/repository/com/google/protobuf/protobuf-java/3.11.4/protobuf-java-3.11.4.jar:/Users/samderlust/.m2/repository/net/dean/jraw/JRAW/1.1.0/JRAW-1.1.0.jar:/Users/samderlust/.m2/repository/com/squareup/moshi/moshi/1.6.0/moshi-1.6.0.jar:/Users/samderlust/.m2/repository/com/squareup/okio/okio/1.14.0/okio-1.14.0.jar:/Users/samderlust/.m2/repository/org/jetbrains/kotlin/kotlin-stdlib/1.2.41/kotlin-stdlib-1.2.41.jar:/Users/samderlust/.m2/repository/org/jetbrains/annotations/13.0/annotations-13.0.jar:/Users/samderlust/.m2/repository/com/squareup/okhttp3/okhttp/3.10.0/okhttp-3.10.0.jar:"/>
    <property name="sun.cpu.endian" value="little"/>
    <property name="user.home" value="/Users/samderlust"/>
    <property name="user.language" value="en"/>
    <property name="java.specification.vendor" value="Oracle Corporation"/>
    <property name="java.naming.factory.url.pkgs" value="org.apache.naming"/>
    <property name="java.version.date" value="2020-07-14"/>
    <property name="java.home" value="/Library/Java/JavaVirtualMachines/adoptopenjdk-11.jdk/Contents/Home"/>
    <property name="file.separator" value="/"/>
    <property name="basedir" value="/Users/samderlust/LearningSpace/Tutoring/2020/fall/mohee/assign2/Assignment 2 - Reddit Analytic attached files Nov 27, 2020 916 AM/RedditAnalytic-Skeleton"/>
    <property name="java.vm.compressedOopsMode" value="Zero based"/>
    <property name="line.separator" value="&#10;"/>
    <property name="java.specification.name" value="Java Platform API Specification"/>
    <property name="java.vm.specification.vendor" value="Oracle Corporation"/>
    <property name="java.awt.graphicsenv" value="sun.awt.CGraphicsEnvironment"/>
    <property name="surefire.real.class.path" value="/Users/samderlust/LearningSpace/Tutoring/2020/fall/mohee/assign2/Assignment 2 - Reddit Analytic attached files Nov 27, 2020 916 AM/RedditAnalytic-Skeleton/target/surefire/surefirebooter10828378511573739801.jar"/>
    <property name="sun.management.compiler" value="HotSpot 64-Bit Tiered Compilers"/>
    <property name="ftp.nonProxyHosts" value="local|*.local|169.254/16|*.169.254/16"/>
    <property name="java.runtime.version" value="11.0.8+10"/>
    <property name="java.naming.factory.initial" value="org.apache.naming.java.javaURLContextFactory"/>
    <property name="user.name" value="samderlust"/>
    <property name="path.separator" value=":"/>
    <property name="os.version" value="10.15.7"/>
    <property name="java.runtime.name" value="OpenJDK Runtime Environment"/>
    <property name="file.encoding" value="UTF-8"/>
    <property name="java.vm.name" value="OpenJDK 64-Bit Server VM"/>
    <property name="java.vendor.version" value="AdoptOpenJDK"/>
    <property name="maven.ext.class.path" value="/Users/samderlust/Downloads/netbeans/java/maven-nblib/netbeans-eventspy.jar"/>
    <property name="localRepository" value="/Users/samderlust/.m2/repository"/>
    <property name="java.vendor.url.bug" value="https://github.com/AdoptOpenJDK/openjdk-support/issues"/>
    <property name="java.io.tmpdir" value="/var/folders/lb/tpj6z27x4tn1zg7mnhzbw1n80000gp/T/"/>
    <property name="catalina.home" value="/Users/samderlust/LearningSpace/Tutoring/2020/fall/mohee/assign2/Assignment 2 - Reddit Analytic attached files Nov 27, 2020 916 AM/RedditAnalytic-Skeleton/tomcat.8080"/>
    <property name="java.version" value="11.0.8"/>
    <property name="user.dir" value="/Users/samderlust/LearningSpace/Tutoring/2020/fall/mohee/assign2/Assignment 2 - Reddit Analytic attached files Nov 27, 2020 916 AM/RedditAnalytic-Skeleton"/>
    <property name="os.arch" value="x86_64"/>
    <property name="java.vm.specification.name" value="Java Virtual Machine Specification"/>
    <property name="java.awt.printerjob" value="sun.lwawt.macosx.CPrinterJob"/>
    <property name="sun.os.patch.level" value="unknown"/>
    <property name="catalina.base" value="/Users/samderlust/LearningSpace/Tutoring/2020/fall/mohee/assign2/Assignment 2 - Reddit Analytic attached files Nov 27, 2020 916 AM/RedditAnalytic-Skeleton/tomcat.8080"/>
    <property name="java.library.path" value="/Users/samderlust/Library/Java/Extensions:/Library/Java/Extensions:/Network/Library/Java/Extensions:/System/Library/Java/Extensions:/usr/lib/java:."/>
    <property name="java.vm.info" value="mixed mode"/>
    <property name="java.vendor" value="AdoptOpenJDK"/>
    <property name="java.vm.version" value="11.0.8+10"/>
    <property name="sun.io.unicode.encoding" value="UnicodeBig"/>
    <property name="java.class.version" value="55.0"/>
    <property name="socksNonProxyHosts" value="local|*.local|169.254/16|*.169.254/16"/>
  </properties>
</testsuite>